Running: E:\embedded\14.5\ISE_DS\ISE\bin\nt64\unwrapped\fuse.exe -intstyle ise -incremental -o E:/xampp/htdocs/tt/php/fpvga/vgaText/tb_vgaText3_isim_beh.exe -prj E:/xampp/htdocs/tt/php/fpvga/vgaText/tb_vgaText3_beh.prj work.tb_vgaText3 
ISim P.58f (signature 0x7708f090)
Number of CPUs detected in this system: 4
Turning on mult-threading, number of parallel sub-compilation jobs: 8 
Determining compilation order of HDL files
Parsing VHDL file "E:/xampp/htdocs/tt/php/fpvga/vgaText/commonPak.vhd" into library work
Parsing VHDL file "E:/xampp/htdocs/tt/php/fpvga/vgaText/fontROM.vhd" into library work
Parsing VHDL file "E:/xampp/htdocs/tt/php/fpvga/vgaText/basicBlockRAM.vhd" into library work
Parsing VHDL file "E:/xampp/htdocs/tt/php/fpvga/vgaText/text_line.vhd" into library work
Parsing VHDL file "E:/xampp/htdocs/tt/php/fpvga/vgaText/blockRamArbiter.vhd" into library work
Parsing VHDL file "E:/xampp/htdocs/tt/php/fpvga/vgaText/../../vgaText_top.vhd" into library work
Parsing VHDL file "E:/xampp/htdocs/tt/php/fpvga/vgaText/tb_vgaText3.vhd" into library work
Starting static elaboration
Completed static elaboration
Compiling package standard
Compiling package std_logic_1164
Compiling package textio
Compiling package std_logic_textio
Compiling package numeric_std
Compiling package std_logic_arith
Compiling package math_real
Compiling package commonpak
Compiling architecture behavioral of entity fontROM [fontrom_default]
Compiling architecture behavioral of entity blockRamArbiter [\blockRamArbiter(10)\]
Compiling architecture behavioral of entity basicBlockRAM [\basicBlockRAM(288,8)\]
Compiling architecture behavioral of entity text_line [\text_line(18,8,16)\]
Compiling architecture behavioral of entity basicBlockRAM [\basicBlockRAM(80,8)\]
Compiling architecture behavioral of entity text_line [\text_line(5,8,16)\]
Compiling architecture behavioral of entity basicBlockRAM [\basicBlockRAM(416,8)\]
Compiling architecture behavioral of entity text_line [\text_line(26,8,16)\]
Compiling architecture behavioral of entity basicBlockRAM [\basicBlockRAM(1824,8)\]
Compiling architecture behavioral of entity text_line [\text_line(114,8,16)\]
Compiling architecture behavioral of entity basicBlockRAM [\basicBlockRAM(1872,8)\]
Compiling architecture behavioral of entity text_line [\text_line(117,8,16)\]
Compiling architecture behavioral of entity basicBlockRAM [\basicBlockRAM(2224,8)\]
Compiling architecture behavioral of entity text_line [\text_line(139,8,16)\]
Compiling architecture behavioral of entity basicBlockRAM [\basicBlockRAM(1840,8)\]
Compiling architecture behavioral of entity text_line [\text_line(115,8,16)\]
Compiling architecture behavioral of entity basicBlockRAM [\basicBlockRAM(2064,8)\]
Compiling architecture behavioral of entity text_line [\text_line(129,8,16)\]
Compiling architecture behavioral of entity basicBlockRAM [\basicBlockRAM(432,8)\]
Compiling architecture behavioral of entity text_line [\text_line(27,8,16)\]
Compiling architecture behavioral of entity basicBlockRAM [\basicBlockRAM(176,8)\]
Compiling architecture behavioral of entity text_line [\text_line(11,8,16)\]
Compiling architecture behavioral of entity vgaText_top [vgatext_top_default]
Compiling architecture behavior of entity tb_vgatext3
Time Resolution for simulation is 1ps.
Waiting for 21 sub-compilation(s) to finish...
Compiled 55 VHDL Units
Built simulation executable E:/xampp/htdocs/tt/php/fpvga/vgaText/tb_vgaText3_isim_beh.exe
Fuse Memory Usage: 39720 KB
Fuse CPU Usage: 1265 ms
